<?xml version="1.0" encoding="UTF-8"?>
<!-- Generated by org.testng.reporters.JUnitReportReporter -->
<testsuite hostname="mxwu" name="com.demo.test.testclass" tests="2" failures="0" timestamp="21 Apr 2019 05:48:37 GMT" time="0.005" errors="0">
  <testcase name="test2" time="0.000" classname="com.demo.test.testclass"/>
  <testcase name="test1" time="0.005" classname="com.demo.test.testclass"/>
</testsuite> <!-- com.demo.test.testclass -->
